<?xml version="1.0" encoding="UTF-8"?>
<!-- Generated by org.testng.reporters.JUnitReportReporter -->
<testsuite hostname="LAPTOP-QCH2V8F1" failures="0" tests="1" name="com.inetbanking.testCase.TC_LoginTest_001" time="25.979" errors="0" timestamp="2022-09-16T12:33:24 IST" skipped="0">
  <testcase classname="com.inetbanking.testCase.TC_LoginTest_001" name="LoginTest" time="25.979"/>
  <system-out/>
</testsuite> <!-- com.inetbanking.testCase.TC_LoginTest_001 -->
